[2022-08-24 09:36:02+03:00] INFO: Installer API request received {"method":"GET","endpoint":"checkPhpVersion"} 
[2022-08-24 09:36:02+03:00] NOTICE: Compared PHP version {"installed":"8.1.1","needed":"8.0.2"} 
[2022-08-24 09:36:02+03:00] NOTICE: PHP version requirement met.  
[2022-08-24 09:36:02+03:00] INFO: Installer API request received {"method":"GET","endpoint":"checkApi"} 
[2022-08-24 09:36:02+03:00] NOTICE: Trying Winter CMS API  
[2022-08-24 09:36:02+03:00] INFO: Winter API request {"method":"GET","uri":"ping"} 
[2022-08-24 09:36:02+03:00] INFO: Installer API request received {"method":"GET","endpoint":"checkPhpExtensions"} 
[2022-08-24 09:36:02+03:00] NOTICE: Checking PHP "curl" extension  
[2022-08-24 09:36:02+03:00] NOTICE: Checking PHP "json" extension  
[2022-08-24 09:36:02+03:00] NOTICE: Checking PHP "pdo" extension  
[2022-08-24 09:36:02+03:00] NOTICE: Checking PHP "zip" extension  
[2022-08-24 09:36:02+03:00] NOTICE: Checking PHP "mbstring" extension  
[2022-08-24 09:36:02+03:00] NOTICE: Checking PHP "fileinfo" extension  
[2022-08-24 09:36:02+03:00] NOTICE: Checking PHP "openssl" extension  
[2022-08-24 09:36:02+03:00] NOTICE: Checking PHP "gd" extension  
[2022-08-24 09:36:02+03:00] NOTICE: Checking PHP "filter" extension  
[2022-08-24 09:36:02+03:00] NOTICE: Checking PHP "hash" extension  
[2022-08-24 09:36:02+03:00] NOTICE: Checking PHP "dom" extension  
[2022-08-24 09:36:02+03:00] NOTICE: Required PHP extensions are installed.  
[2022-08-24 09:36:03+03:00] NOTICE: Response received from Winter CMS API {"response":"pong"} 
[2022-08-24 09:36:03+03:00] NOTICE: Winter CMS API connection successful.  
[2022-08-24 09:37:03+03:00] INFO: Installer API request received {"method":"GET","endpoint":"checkWriteAccess"} 
[2022-08-24 09:37:03+03:00] NOTICE: Current working directory is writable.  
[2022-08-24 09:37:03+03:00] INFO: Installer API request received {"method":"POST","endpoint":"checkDatabase"} 
[2022-08-24 09:37:03+03:00] NOTICE: Creating temporary SQLite DB {"path":"S:\\OpenServer\\domains\\Laravel-projects\\Winter\\.temp.sqlite"} 
[2022-08-24 09:37:03+03:00] NOTICE: Check database connection  
[2022-08-24 09:37:03+03:00] NOTICE: Found 0 table(s) {"tables":""} 
[2022-08-24 09:37:03+03:00] NOTICE: Database connection established and verified empty  
[2022-08-24 09:37:16+03:00] INFO: Installer API request received {"method":"POST","endpoint":"downloadWinter"} 
[2022-08-24 09:37:16+03:00] NOTICE: Try downloading Winter CMS archive  
[2022-08-24 09:37:16+03:00] NOTICE: Downloading Winter ZIP via cURL {"url":"https://github.com/wintercms/winter/archive/refs/heads/1.2.zip"} 
[2022-08-24 09:37:23+03:00] NOTICE: Winter CMS ZIP file downloaded {"path":"S:\\OpenServer\\domains\\Laravel-projects\\Winter\\.wintercms\\winter.zip"} 
[2022-08-24 09:37:24+03:00] INFO: Installer API request received {"method":"POST","endpoint":"extractWinter"} 
[2022-08-24 09:37:24+03:00] NOTICE: Begin extracting Winter CMS archive  
[2022-08-24 09:37:26+03:00] NOTICE: Move subfoldered files into position {"subfolder":"winter-1.2/"} 
[2022-08-24 09:37:26+03:00] NOTICE: Remove ZIP subfolder {"subfolder":"winter-1.2/"} 
[2022-08-24 09:37:26+03:00] NOTICE: Make artisan command-line tool executable {"path":"S:\\OpenServer\\domains\\Laravel-projects\\Winter\\.wintercms\\artisan"} 
[2022-08-24 09:37:26+03:00] NOTICE: Move temp SQLite DB into position {"from":"S:\\OpenServer\\domains\\Laravel-projects\\Winter\\.temp.sqlite","to":"S:\\OpenServer\\domains\\Laravel-projects\\Winter\\.wintercms\\storage\\database.sqlite"} 
[2022-08-24 09:37:26+03:00] NOTICE: Remove Composer Merge plugin from composer.json if found  
[2022-08-24 09:37:26+03:00] NOTICE: Found merge plugin in required packages - removing  
[2022-08-24 09:37:26+03:00] NOTICE: Found merge plugin config in "extra" config definition - removing  
[2022-08-24 09:37:26+03:00] INFO: Installer API request received {"method":"POST","endpoint":"lockDependencies"} 
[2022-08-24 09:37:26+03:00] NOTICE: Create Composer instance  
[2022-08-24 09:37:26+03:00] NOTICE: Set memory limit to 1.5GB  
[2022-08-24 09:37:26+03:00] NOTICE: Set work directory for Composer {"path":"S:\\OpenServer\\domains\\Laravel-projects\\Winter\\.wintercms"} 
[2022-08-24 09:37:26+03:00] NOTICE: Create home/cache directory for Composer {"path":"S:\\OpenServer\\domains\\Laravel-projects\\Winter\\.wintercms\\.composer"} 
[2022-08-24 09:37:26+03:00] NOTICE: Set home/cache directory for Composer {"path":"S:\\OpenServer\\domains\\Laravel-projects\\Winter\\.wintercms\\.composer"} 
[2022-08-24 09:37:26+03:00] NOTICE: Run Composer "update" command - generate only a lockfile  
[2022-08-24 09:37:36+03:00] NOTICE: Locked Composer packages {"numPackages":112,"lockFile":"S:\\OpenServer\\domains\\Laravel-projects\\Winter\\.wintercms\\composer.lock"} 
[2022-08-24 09:37:36+03:00] INFO: Installer API request received {"method":"POST","endpoint":"installDependencies"} 
[2022-08-24 09:37:36+03:00] NOTICE: Create Composer instance  
[2022-08-24 09:37:36+03:00] NOTICE: Set memory limit to 1.5GB  
[2022-08-24 09:37:36+03:00] NOTICE: Set work directory for Composer {"path":"S:\\OpenServer\\domains\\Laravel-projects\\Winter\\.wintercms"} 
[2022-08-24 09:37:36+03:00] NOTICE: Set home/cache directory for Composer {"path":"S:\\OpenServer\\domains\\Laravel-projects\\Winter\\.wintercms\\.composer"} 
[2022-08-24 09:37:36+03:00] NOTICE: Run Composer "install" command - install from lockfile  
[2022-08-24 09:38:29+03:00] NOTICE: Installed Composer packages {"numPackages":112} 
[2022-08-24 09:38:29+03:00] INFO: Installer API request received {"method":"POST","endpoint":"setupConfig"} 
[2022-08-24 09:38:29+03:00] NOTICE: Booting Laravel framework  
[2022-08-24 09:38:29+03:00] NOTICE: Loading autoloader  
[2022-08-24 09:38:29+03:00] NOTICE: Bootstrapping kernel  
[2022-08-24 09:38:29+03:00] NOTICE: Rewriting config {"path":"S:\\OpenServer\\domains\\Laravel-projects\\Winter\\.wintercms\\config\\app.php"} 
[2022-08-24 09:38:30+03:00] NOTICE: Rewriting config {"path":"S:\\OpenServer\\domains\\Laravel-projects\\Winter\\.wintercms\\config\\cms.php"} 
[2022-08-24 09:38:30+03:00] NOTICE: Rewriting config {"path":"S:\\OpenServer\\domains\\Laravel-projects\\Winter\\.wintercms\\config\\database.php"} 
[2022-08-24 09:38:30+03:00] INFO: Installer API request received {"method":"POST","endpoint":"runMigrations"} 
[2022-08-24 09:38:30+03:00] NOTICE: Booting Laravel framework  
[2022-08-24 09:38:30+03:00] NOTICE: Loading autoloader  
[2022-08-24 09:38:30+03:00] NOTICE: Bootstrapping kernel  
[2022-08-24 09:38:30+03:00] NOTICE: Running artisan "config:clear" command  
[2022-08-24 09:38:30+03:00] NOTICE: Command finished. {"output":"\n   INFO  Configuration cache cleared successfully.  \n\r\n"} 
[2022-08-24 09:38:30+03:00] NOTICE: Running database migrations  
[2022-08-24 09:38:31+03:00] NOTICE: Command finished. {"output":"Migrating application and plugins...\r\nMigration table created\r\nSystem\r\n   INFO  Running migrations.  \n\r\n  2013_10_01_000001_Db_Deferred_Bindings ................................................................... 24ms DONE\r\n  2013_10_01_000002_Db_System_Files ........................................................................ 17ms DONE\r\n  2013_10_01_000003_Db_System_Plugin_Versions ............................................................... 9ms DONE\r\n  2013_10_01_000004_Db_System_Plugin_History ............................................................... 14ms DONE\r\n  2013_10_01_000005_Db_System_Settings ..................................................................... 12ms DONE\r\n  2013_10_01_000006_Db_System_Parameters ................................................................... 10ms DONE\r\n  2013_10_01_000007_Db_System_Add_Disabled_Flag ............................................................. 5ms DONE\r\n  2013_10_01_000008_Db_System_Mail_Templates ............................................................... 10ms DONE\r\n  2013_10_01_000009_Db_System_Mail_Layouts .................................................................. 5ms DONE\r\n  2014_10_01_000010_Db_Jobs ................................................................................. 5ms DONE\r\n  2014_10_01_000011_Db_System_Event_Logs ................................................................... 10ms DONE\r\n  2014_10_01_000012_Db_System_Request_Logs .................................................................. 5ms DONE\r\n  2014_10_01_000013_Db_System_Sessions ...................................................................... 9ms DONE\r\n  2015_10_01_000014_Db_System_Mail_Layout_Rename ............................................................ 1ms DONE\r\n  2015_10_01_000015_Db_System_Add_Frozen_Flag ............................................................... 5ms DONE\r\n  2015_10_01_000016_Db_Cache ................................................................................ 9ms DONE\r\n  2015_10_01_000017_Db_System_Revisions .................................................................... 21ms DONE\r\n  2015_10_01_000018_Db_FailedJobs ........................................................................... 5ms DONE\r\n  2016_10_01_000019_Db_System_Plugin_History_Detail_Text ................................................... 59ms DONE\r\n  2016_10_01_000020_Db_System_Timestamp_Fix ................................................................. 1ms DONE\r\n  2017_08_04_121309_Db_Deferred_Bindings_Add_Index_Session .................................................. 5ms DONE\r\n  2017_10_01_000021_Db_System_Sessions_Update .............................................................. 16ms DONE\r\n  2017_10_01_000022_Db_Jobs_FailedJobs_Update .............................................................. 27ms DONE\r\n  2017_10_01_000023_Db_System_Mail_Partials ................................................................. 5ms DONE\r\n  2017_10_23_000024_Db_System_Mail_Layouts_Add_Options_Field ................................................ 6ms DONE\r\n  2021_10_01_000025_Db_Add_Pivot_Data_To_Deferred_Bindings .................................................. 5ms DONE\r\n\r\nBackend\r\n   INFO  Running migrations.  \n\r\n  2013_10_01_000001_Db_Backend_Users ....................................................................... 28ms DONE\r\n  2013_10_01_000002_Db_Backend_User_Groups ................................................................. 10ms DONE\r\n  2013_10_01_000003_Db_Backend_Users_Groups ................................................................. 6ms DONE\r\n  2013_10_01_000004_Db_Backend_User_Throttle ............................................................... 16ms DONE\r\n  2014_01_04_000005_Db_Backend_User_Preferences ............................................................. 9ms DONE\r\n  2014_10_01_000006_Db_Backend_Access_Log ................................................................... 4ms DONE\r\n  2014_10_01_000007_Db_Backend_Add_Description_Field ....................................................... 19ms DONE\r\n  2015_10_01_000008_Db_Backend_Add_Superuser_Flag ........................................................... 6ms DONE\r\n  2016_10_01_000009_Db_Backend_Timestamp_Fix ................................................................ 0ms DONE\r\n  2017_10_01_000010_Db_Backend_User_Roles .................................................................. 15ms DONE\r\n  2018_12_16_000011_Db_Backend_Add_Deleted_At ............................................................... 0ms DONE\r\n\r\nCms\r\n   INFO  Running migrations.  \n\r\n  2014_10_01_000001_Db_Cms_Theme_Data ...................................................................... 10ms DONE\r\n  2016_10_01_000002_Db_Cms_Timestamp_Fix .................................................................... 0ms DONE\r\n  2017_10_01_000003_Db_Cms_Theme_Logs ...................................................................... 19ms DONE\r\n  2018_11_01_000001_Db_Cms_Theme_Templates ................................................................. 17ms DONE\r\n\r\nSeeded System \r\nSeeded Backend \r\nWinter.Demo\r\n - v1.0.1:  First version of Demo\r\n\r\n\\Backend\\Database\\Seeds\\DatabaseSeeder reported:\r\n - The following password has been automatically generated for the \"admin\" account: 4tTo3fR0t8kvwnb9rhve5l\r\n"} 
[2022-08-24 09:38:31+03:00] INFO: Installer API request received {"method":"POST","endpoint":"createAdmin"} 
[2022-08-24 09:38:31+03:00] NOTICE: Booting Laravel framework  
[2022-08-24 09:38:31+03:00] NOTICE: Loading autoloader  
[2022-08-24 09:38:31+03:00] NOTICE: Bootstrapping kernel  
[2022-08-24 09:38:31+03:00] NOTICE: Finding initial admin account  
[2022-08-24 09:38:31+03:00] NOTICE: Changing admin account to details provided in installation  
[2022-08-24 09:38:31+03:00] INFO: Installer API request received {"method":"POST","endpoint":"cleanUp"} 
[2022-08-24 09:38:31+03:00] NOTICE: Removing installation files  
[2022-08-24 09:38:31+03:00] NOTICE: Removing temporary installation folders  
[2022-08-24 09:38:35+03:00] NOTICE: Removing core development files  
[2022-08-24 09:38:35+03:00] NOTICE: Moving files from temporary work directory to final installation path {"workDir":"S:\\OpenServer\\domains\\Laravel-projects\\Winter\\.wintercms","installDir":"S:\\OpenServer\\domains\\Laravel-projects\\Winter"} 
[2022-08-24 09:38:35+03:00] NOTICE: Removing work directory  
[2022-08-24 09:38:35+03:00] NOTICE: Installation complete!  
